<?xml version="1.0" encoding="UTF-8"?>
<!-- Generated by org.testng.reporters.JUnitReportReporter -->
<testsuite hostname="ARISTA113-PC" failures="0" tests="10" name="com.rt.collections.test.WorkwearEdit_Test" time="398.566" errors="0" timestamp="2024-10-03T16:55:43 IST" skipped="0">
  <testcase classname="com.rt.collections.test.WorkwearEdit_Test" name="verifyfiltersPresenceAndEnable" time="18.957"/>
  <system-out/>
  <testcase classname="com.rt.collections.test.WorkwearEdit_Test" name="verifyProductsQuickAddEnable" time="29.102"/>
  <system-out/>
  <testcase classname="com.rt.collections.test.WorkwearEdit_Test" name="verifyProductNamePresence" time="16.593"/>
  <system-out/>
  <testcase classname="com.rt.collections.test.WorkwearEdit_Test" name="verifyProductPricesPresence" time="14.815"/>
  <system-out/>
  <testcase classname="com.rt.collections.test.WorkwearEdit_Test" name="verifySortByFilter" time="25.390"/>
  <system-out/>
  <testcase classname="com.rt.collections.test.WorkwearEdit_Test" name="verifyPageTitle" time="16.484"/>
  <system-out/>
  <testcase classname="com.rt.collections.test.WorkwearEdit_Test" name="verifyProductsOnThePage" time="17.464"/>
  <system-out/>
  <testcase classname="com.rt.collections.test.WorkwearEdit_Test" name="verifyPageLoadTime" time="17.918"/>
  <system-out/>
  <testcase classname="com.rt.collections.test.WorkwearEdit_Test" name="verifyPageURL" time="15.065"/>
  <system-out/>
  <testcase classname="com.rt.collections.test.WorkwearEdit_Test" name="verifyColorSwatchesPresenceAndEnable" time="226.778"/>
  <system-out/>
</testsuite> <!-- com.rt.collections.test.WorkwearEdit_Test -->
