<?xml version="1.0" encoding="UTF-8"?>
<!-- Generated by org.testng.reporters.JUnitReportReporter -->
<testsuite hostname="ARISTA113-PC" failures="0" tests="10" name="com.rt.clothing.test.Dress_Test" time="489.023" errors="0" timestamp="2024-10-02T15:18:49 IST" skipped="0">
  <testcase classname="com.rt.clothing.test.Dress_Test" name="verifyProductPricesPresence" time="25.791"/>
  <system-out/>
  <testcase classname="com.rt.clothing.test.Dress_Test" name="verifyPageTitle" time="15.104"/>
  <system-out/>
  <testcase classname="com.rt.clothing.test.Dress_Test" name="verifySortByFilter" time="26.070"/>
  <system-out/>
  <testcase classname="com.rt.clothing.test.Dress_Test" name="verifyProductsQuickAddEnable" time="41.737"/>
  <system-out/>
  <testcase classname="com.rt.clothing.test.Dress_Test" name="verifyProductNamePresence" time="76.727"/>
  <system-out/>
  <testcase classname="com.rt.clothing.test.Dress_Test" name="verifyfiltersPresenceAndEnable" time="15.423"/>
  <system-out/>
  <testcase classname="com.rt.clothing.test.Dress_Test" name="verifyProductsOnThePage" time="26.438"/>
  <system-out/>
  <testcase classname="com.rt.clothing.test.Dress_Test" name="verifyPageURL" time="15.621"/>
  <system-out/>
  <testcase classname="com.rt.clothing.test.Dress_Test" name="verifyPageLoadTime" time="18.594"/>
  <system-out/>
  <testcase classname="com.rt.clothing.test.Dress_Test" name="verifyColorSwatchesPresenceAndEnable" time="227.518"/>
  <system-out/>
</testsuite> <!-- com.rt.clothing.test.Dress_Test -->
