<?xml version="1.0" encoding="UTF-8"?>
<!-- Generated by org.testng.reporters.JUnitReportReporter -->
<testsuite hostname="ARISTA113-PC" failures="0" tests="8" name="com.rt.clothing.test.Bottoms_Test" time="362.026" errors="0" timestamp="2024-10-02T15:18:49 IST" skipped="0">
  <testcase classname="com.rt.clothing.test.Bottoms_Test" name="verifyPageURL" time="15.373"/>
  <system-out/>
  <testcase classname="com.rt.clothing.test.Bottoms_Test" name="verifyProductsQuickAddEnable" time="38.863"/>
  <system-out/>
  <testcase classname="com.rt.clothing.test.Bottoms_Test" name="verifyProductNamePresence" time="18.472"/>
  <system-out/>
  <testcase classname="com.rt.clothing.test.Bottoms_Test" name="verifyPageTitle" time="16.742"/>
  <system-out/>
  <testcase classname="com.rt.clothing.test.Bottoms_Test" name="verifyProductPricesPresence" time="15.341"/>
  <system-out/>
  <testcase classname="com.rt.clothing.test.Bottoms_Test" name="verifyProductsOnThePage" time="15.291"/>
  <system-out/>
  <testcase classname="com.rt.clothing.test.Bottoms_Test" name="verifyColorSwatchesPresenceAndEnable" time="224.645"/>
  <system-out/>
  <testcase classname="com.rt.clothing.test.Bottoms_Test" name="verifyPageLoadTime" time="17.299"/>
  <system-out/>
</testsuite> <!-- com.rt.clothing.test.Bottoms_Test -->
