<?xml version="1.0" encoding="UTF-8"?>
<!-- Generated by org.testng.reporters.JUnitReportReporter -->
<testsuite hostname="ARISTA113-PC" failures="0" tests="10" name="com.rt.clothing.test.ViewAll_Test" time="465.064" errors="0" timestamp="2024-10-03T16:55:43 IST" skipped="0">
  <testcase classname="com.rt.clothing.test.ViewAll_Test" name="verifyProductsQuickAddEnable" time="38.961"/>
  <system-out/>
  <testcase classname="com.rt.clothing.test.ViewAll_Test" name="verifyfiltersPresenceAndEnable" time="16.249"/>
  <system-out/>
  <testcase classname="com.rt.clothing.test.ViewAll_Test" name="verifyPageURL" time="15.344"/>
  <system-out/>
  <testcase classname="com.rt.clothing.test.ViewAll_Test" name="verifyProductNamePresence" time="69.371"/>
  <system-out/>
  <testcase classname="com.rt.clothing.test.ViewAll_Test" name="verifyColorSwatchesPresenceAndEnable" time="226.005"/>
  <system-out/>
  <testcase classname="com.rt.clothing.test.ViewAll_Test" name="verifyProductsOnThePage" time="19.727"/>
  <system-out/>
  <testcase classname="com.rt.clothing.test.ViewAll_Test" name="verifyProductPricesPresence" time="20.826"/>
  <system-out/>
  <testcase classname="com.rt.clothing.test.ViewAll_Test" name="verifySortByFilter" time="26.383"/>
  <system-out/>
  <testcase classname="com.rt.clothing.test.ViewAll_Test" name="verifyPageTitle" time="15.480"/>
  <system-out/>
  <testcase classname="com.rt.clothing.test.ViewAll_Test" name="verifyPageLoadTime" time="16.718"/>
  <system-out/>
</testsuite> <!-- com.rt.clothing.test.ViewAll_Test -->
