<?xml version="1.0" encoding="UTF-8"?>
<!-- Generated by org.testng.reporters.JUnitReportReporter -->
<testsuite hostname="ARISTA113-PC" failures="0" tests="10" name="com.rt.clothing.test.Tops_Test" time="486.867" errors="0" timestamp="2024-10-02T15:18:49 IST" skipped="0">
  <testcase classname="com.rt.clothing.test.Tops_Test" name="verifyPageTitle" time="15.435"/>
  <system-out/>
  <testcase classname="com.rt.clothing.test.Tops_Test" name="verifyProductsOnThePage" time="26.039"/>
  <system-out/>
  <testcase classname="com.rt.clothing.test.Tops_Test" name="verifySortByFilter" time="25.994"/>
  <system-out/>
  <testcase classname="com.rt.clothing.test.Tops_Test" name="verifyProductsQuickAddEnable" time="37.366"/>
  <system-out/>
  <testcase classname="com.rt.clothing.test.Tops_Test" name="verifyColorSwatchesPresenceAndEnable" time="227.684"/>
  <system-out/>
  <testcase classname="com.rt.clothing.test.Tops_Test" name="verifyPageURL" time="14.596"/>
  <system-out/>
  <testcase classname="com.rt.clothing.test.Tops_Test" name="verifyPageLoadTime" time="18.439"/>
  <system-out/>
  <testcase classname="com.rt.clothing.test.Tops_Test" name="verifyProductPricesPresence" time="27.066"/>
  <system-out/>
  <testcase classname="com.rt.clothing.test.Tops_Test" name="verifyProductNamePresence" time="76.963"/>
  <system-out/>
  <testcase classname="com.rt.clothing.test.Tops_Test" name="verifyfiltersPresenceAndEnable" time="17.285"/>
  <system-out/>
</testsuite> <!-- com.rt.clothing.test.Tops_Test -->
