<?xml version="1.0" encoding="UTF-8"?>
<!-- Generated by org.testng.reporters.JUnitReportReporter -->
<testsuite hostname="ARISTA113-PC" failures="0" tests="10" name="com.rt.clothing.test.Dress_Test" time="483.131" errors="0" timestamp="2024-10-03T16:55:43 IST" skipped="0">
  <testcase classname="com.rt.clothing.test.Dress_Test" name="verifyfiltersPresenceAndEnable" time="16.966"/>
  <system-out/>
  <testcase classname="com.rt.clothing.test.Dress_Test" name="verifyPageLoadTime" time="20.505"/>
  <system-out/>
  <testcase classname="com.rt.clothing.test.Dress_Test" name="verifyProductNamePresence" time="74.929"/>
  <system-out/>
  <testcase classname="com.rt.clothing.test.Dress_Test" name="verifyProductPricesPresence" time="24.986"/>
  <system-out/>
  <testcase classname="com.rt.clothing.test.Dress_Test" name="verifySortByFilter" time="24.484"/>
  <system-out/>
  <testcase classname="com.rt.clothing.test.Dress_Test" name="verifyPageURL" time="15.791"/>
  <system-out/>
  <testcase classname="com.rt.clothing.test.Dress_Test" name="verifyProductsOnThePage" time="25.957"/>
  <system-out/>
  <testcase classname="com.rt.clothing.test.Dress_Test" name="verifyColorSwatchesPresenceAndEnable" time="224.829"/>
  <system-out/>
  <testcase classname="com.rt.clothing.test.Dress_Test" name="verifyProductsQuickAddEnable" time="38.132"/>
  <system-out/>
  <testcase classname="com.rt.clothing.test.Dress_Test" name="verifyPageTitle" time="16.552"/>
  <system-out/>
</testsuite> <!-- com.rt.clothing.test.Dress_Test -->
