<?xml version="1.0" encoding="UTF-8"?>
<!-- Generated by org.testng.reporters.JUnitReportReporter -->
<testsuite hostname="ARISTA113-PC" failures="0" tests="5" name="com.rt.test.HomePageTest" time="77.379" errors="0" timestamp="2024-10-02T15:18:49 IST" skipped="0">
  <testcase classname="com.rt.test.HomePageTest" name="verifyFooterLinks" time="11.349"/>
  <system-out/>
  <testcase classname="com.rt.test.HomePageTest" name="verifPageLoadTime" time="5.968"/>
  <system-out/>
  <testcase classname="com.rt.test.HomePageTest" name="verifyTitle" time="4.567"/>
  <system-out/>
  <testcase classname="com.rt.test.HomePageTest" name="verifyResponsive" time="5.205"/>
  <system-out/>
  <testcase classname="com.rt.test.HomePageTest" name="VerifyHeader" time="50.290"/>
  <system-out/>
</testsuite> <!-- com.rt.test.HomePageTest -->
