<?xml version="1.0" encoding="UTF-8"?>
<!-- Generated by org.testng.reporters.JUnitReportReporter -->
<testsuite hostname="ARISTA113-PC" failures="0" tests="10" name="com.rt.clothing.test.Tops_Test" time="485.320" errors="0" timestamp="2024-10-03T16:55:43 IST" skipped="0">
  <testcase classname="com.rt.clothing.test.Tops_Test" name="verifyProductsOnThePage" time="25.142"/>
  <system-out/>
  <testcase classname="com.rt.clothing.test.Tops_Test" name="verifyProductNamePresence" time="76.435"/>
  <system-out/>
  <testcase classname="com.rt.clothing.test.Tops_Test" name="verifySortByFilter" time="26.163"/>
  <system-out/>
  <testcase classname="com.rt.clothing.test.Tops_Test" name="verifyColorSwatchesPresenceAndEnable" time="226.062"/>
  <system-out/>
  <testcase classname="com.rt.clothing.test.Tops_Test" name="verifyfiltersPresenceAndEnable" time="16.563"/>
  <system-out/>
  <testcase classname="com.rt.clothing.test.Tops_Test" name="verifyProductsQuickAddEnable" time="39.883"/>
  <system-out/>
  <testcase classname="com.rt.clothing.test.Tops_Test" name="verifyPageTitle" time="15.568"/>
  <system-out/>
  <testcase classname="com.rt.clothing.test.Tops_Test" name="verifyProductPricesPresence" time="27.254"/>
  <system-out/>
  <testcase classname="com.rt.clothing.test.Tops_Test" name="verifyPageURL" time="15.805"/>
  <system-out/>
  <testcase classname="com.rt.clothing.test.Tops_Test" name="verifyPageLoadTime" time="16.445"/>
  <system-out/>
</testsuite> <!-- com.rt.clothing.test.Tops_Test -->
