<?xml version="1.0" encoding="UTF-8"?>
<!-- Generated by org.testng.reporters.JUnitReportReporter -->
<testsuite hostname="ARISTA113-PC" failures="0" tests="10" name="com.rt.clothing.test.Jackets_Test" time="449.162" errors="0" timestamp="2024-10-03T16:55:43 IST" skipped="0">
  <testcase classname="com.rt.clothing.test.Jackets_Test" name="verifyProductsOnThePage" time="16.686"/>
  <system-out/>
  <testcase classname="com.rt.clothing.test.Jackets_Test" name="verifyColorSwatchesPresenceAndEnable" time="218.539"/>
  <system-out/>
  <testcase classname="com.rt.clothing.test.Jackets_Test" name="verifyPageTitle" time="16.480"/>
  <system-out/>
  <testcase classname="com.rt.clothing.test.Jackets_Test" name="verifyfiltersPresenceAndEnable" time="15.057"/>
  <system-out/>
  <testcase classname="com.rt.clothing.test.Jackets_Test" name="verifyProductsQuickAddEnable" time="38.040"/>
  <system-out/>
  <testcase classname="com.rt.clothing.test.Jackets_Test" name="verifyPageLoadTime" time="18.086"/>
  <system-out/>
  <testcase classname="com.rt.clothing.test.Jackets_Test" name="verifyProductPricesPresence" time="16.301"/>
  <system-out/>
  <testcase classname="com.rt.clothing.test.Jackets_Test" name="verifyProductNamePresence" time="68.285"/>
  <system-out/>
  <testcase classname="com.rt.clothing.test.Jackets_Test" name="verifySortByFilter" time="26.182"/>
  <system-out/>
  <testcase classname="com.rt.clothing.test.Jackets_Test" name="verifyPageURL" time="15.506"/>
  <system-out/>
</testsuite> <!-- com.rt.clothing.test.Jackets_Test -->
