<?xml version="1.0" encoding="UTF-8"?>
<!-- Generated by org.testng.reporters.JUnitReportReporter -->
<testsuite hostname="ARISTA113-PC" failures="0" tests="8" name="com.rt.clothing.test.Bottoms_Test" time="357.934" errors="0" timestamp="2024-10-03T16:55:43 IST" skipped="0">
  <testcase classname="com.rt.clothing.test.Bottoms_Test" name="verifyPageTitle" time="15.086"/>
  <system-out/>
  <testcase classname="com.rt.clothing.test.Bottoms_Test" name="verifyProductsOnThePage" time="16.128"/>
  <system-out/>
  <testcase classname="com.rt.clothing.test.Bottoms_Test" name="verifyProductNamePresence" time="16.897"/>
  <system-out/>
  <testcase classname="com.rt.clothing.test.Bottoms_Test" name="verifyProductPricesPresence" time="16.079"/>
  <system-out/>
  <testcase classname="com.rt.clothing.test.Bottoms_Test" name="verifyPageURL" time="14.369"/>
  <system-out/>
  <testcase classname="com.rt.clothing.test.Bottoms_Test" name="verifyColorSwatchesPresenceAndEnable" time="225.845"/>
  <system-out/>
  <testcase classname="com.rt.clothing.test.Bottoms_Test" name="verifyPageLoadTime" time="15.942"/>
  <system-out/>
  <testcase classname="com.rt.clothing.test.Bottoms_Test" name="verifyProductsQuickAddEnable" time="37.588"/>
  <system-out/>
</testsuite> <!-- com.rt.clothing.test.Bottoms_Test -->
