<?xml version="1.0" encoding="UTF-8"?>
<!-- Generated by org.testng.reporters.JUnitReportReporter -->
<testsuite hostname="ARISTA113-PC" failures="0" tests="1" name="com.rt.test.ProductATCFlowPage_Test" time="42.713" errors="0" timestamp="2024-10-02T15:18:49 IST" skipped="0">
  <testcase classname="com.rt.test.ProductATCFlowPage_Test" name="verifyUserFlowOfShopping" time="42.713"/>
  <system-out/>
</testsuite> <!-- com.rt.test.ProductATCFlowPage_Test -->
