<?xml version="1.0" encoding="UTF-8"?>
<!-- Generated by org.testng.reporters.JUnitReportReporter -->
<testsuite hostname="ARISTA113-PC" failures="0" tests="1" name="com.rt.collections.test.RebeccaEssentials_Test" time="42.390" errors="0" timestamp="2024-10-03T17:34:44 IST" skipped="0">
  <testcase classname="com.rt.collections.test.RebeccaEssentials_Test" name="verifyProductsQuickAddEnable" time="42.390"/>
  <system-out/>
</testsuite> <!-- com.rt.collections.test.RebeccaEssentials_Test -->
