<?xml version="1.0" encoding="UTF-8"?>
<!-- Generated by org.testng.reporters.JUnitReportReporter -->
<testsuite hostname="ARISTA113-PC" failures="0" tests="10" name="com.rt.collections.test.WorkwearEdit_Test" time="400.796" errors="0" timestamp="2024-10-02T15:18:49 IST" skipped="0">
  <testcase classname="com.rt.collections.test.WorkwearEdit_Test" name="verifyfiltersPresenceAndEnable" time="15.689"/>
  <system-out/>
  <testcase classname="com.rt.collections.test.WorkwearEdit_Test" name="verifyProductsQuickAddEnable" time="32.333"/>
  <system-out/>
  <testcase classname="com.rt.collections.test.WorkwearEdit_Test" name="verifyColorSwatchesPresenceAndEnable" time="227.948"/>
  <system-out/>
  <testcase classname="com.rt.collections.test.WorkwearEdit_Test" name="verifyProductNamePresence" time="16.701"/>
  <system-out/>
  <testcase classname="com.rt.collections.test.WorkwearEdit_Test" name="verifyPageURL" time="17.090"/>
  <system-out/>
  <testcase classname="com.rt.collections.test.WorkwearEdit_Test" name="verifyProductPricesPresence" time="15.366"/>
  <system-out/>
  <testcase classname="com.rt.collections.test.WorkwearEdit_Test" name="verifyProductsOnThePage" time="16.513"/>
  <system-out/>
  <testcase classname="com.rt.collections.test.WorkwearEdit_Test" name="verifyPageTitle" time="15.469"/>
  <system-out/>
  <testcase classname="com.rt.collections.test.WorkwearEdit_Test" name="verifySortByFilter" time="26.812"/>
  <system-out/>
  <testcase classname="com.rt.collections.test.WorkwearEdit_Test" name="verifyPageLoadTime" time="16.875"/>
  <system-out/>
</testsuite> <!-- com.rt.collections.test.WorkwearEdit_Test -->
