<?xml version="1.0" encoding="UTF-8"?>
<!-- Generated by org.testng.reporters.JUnitReportReporter -->
<testsuite hostname="ARISTA113-PC" failures="0" tests="10" name="com.rt.collections.test.Spring24Collection_Test" time="403.235" errors="0" timestamp="2024-10-02T15:18:49 IST" skipped="0">
  <testcase classname="com.rt.collections.test.Spring24Collection_Test" name="verifyProductsQuickAddEnable" time="38.551"/>
  <system-out/>
  <testcase classname="com.rt.collections.test.Spring24Collection_Test" name="verifyPageTitle" time="14.528"/>
  <system-out/>
  <testcase classname="com.rt.collections.test.Spring24Collection_Test" name="verifyPageURL" time="16.670"/>
  <system-out/>
  <testcase classname="com.rt.collections.test.Spring24Collection_Test" name="verifyProductPricesPresence" time="16.451"/>
  <system-out/>
  <testcase classname="com.rt.collections.test.Spring24Collection_Test" name="verifyfiltersPresenceAndEnable" time="14.290"/>
  <system-out/>
  <testcase classname="com.rt.collections.test.Spring24Collection_Test" name="verifyColorSwatchesPresenceAndEnable" time="228.000"/>
  <system-out/>
  <testcase classname="com.rt.collections.test.Spring24Collection_Test" name="verifyProductNamePresence" time="16.622"/>
  <system-out/>
  <testcase classname="com.rt.collections.test.Spring24Collection_Test" name="verifyProductsOnThePage" time="15.623"/>
  <system-out/>
  <testcase classname="com.rt.collections.test.Spring24Collection_Test" name="verifySortByFilter" time="25.055"/>
  <system-out/>
  <testcase classname="com.rt.collections.test.Spring24Collection_Test" name="verifyPageLoadTime" time="17.445"/>
  <system-out/>
</testsuite> <!-- com.rt.collections.test.Spring24Collection_Test -->
