<?xml version="1.0" encoding="UTF-8"?>
<!-- Generated by org.testng.reporters.JUnitReportReporter -->
<testsuite hostname="ARISTA113-PC" failures="0" tests="7" name="com.rt.test.NewArrivals_Test" time="151.251" errors="0" timestamp="2024-10-03T16:55:43 IST" skipped="0">
  <testcase classname="com.rt.test.NewArrivals_Test" name="verifyProductPricesPresence" time="16.391"/>
  <system-out/>
  <testcase classname="com.rt.test.NewArrivals_Test" name="verifyPageURL" time="15.179"/>
  <system-out/>
  <testcase classname="com.rt.test.NewArrivals_Test" name="verifyProductsQuickAddEnable" time="48.501"/>
  <system-out/>
  <testcase classname="com.rt.test.NewArrivals_Test" name="verifyPageTitle" time="16.635"/>
  <system-out/>
  <testcase classname="com.rt.test.NewArrivals_Test" name="verifyProductNamePresence" time="16.524"/>
  <system-out/>
  <testcase classname="com.rt.test.NewArrivals_Test" name="verifyProductsOnThePage" time="21.635"/>
  <system-out/>
  <testcase classname="com.rt.test.NewArrivals_Test" name="verifyPageLoadTime" time="16.386"/>
  <system-out/>
</testsuite> <!-- com.rt.test.NewArrivals_Test -->
