<?xml version="1.0" encoding="UTF-8"?>
<!-- Generated by org.testng.reporters.JUnitReportReporter -->
<testsuite hostname="ARISTA113-PC" failures="0" tests="10" name="com.rt.clothing.test.ViewAll_Test" time="465.530" errors="0" timestamp="2024-10-02T15:18:49 IST" skipped="0">
  <testcase classname="com.rt.clothing.test.ViewAll_Test" name="verifyProductsQuickAddEnable" time="37.740"/>
  <system-out/>
  <testcase classname="com.rt.clothing.test.ViewAll_Test" name="verifySortByFilter" time="26.682"/>
  <system-out/>
  <testcase classname="com.rt.clothing.test.ViewAll_Test" name="verifyPageTitle" time="16.021"/>
  <system-out/>
  <testcase classname="com.rt.clothing.test.ViewAll_Test" name="verifyPageURL" time="16.272"/>
  <system-out/>
  <testcase classname="com.rt.clothing.test.ViewAll_Test" name="verifyColorSwatchesPresenceAndEnable" time="226.054"/>
  <system-out/>
  <testcase classname="com.rt.clothing.test.ViewAll_Test" name="verifyfiltersPresenceAndEnable" time="15.127"/>
  <system-out/>
  <testcase classname="com.rt.clothing.test.ViewAll_Test" name="verifyProductNamePresence" time="70.121"/>
  <system-out/>
  <testcase classname="com.rt.clothing.test.ViewAll_Test" name="verifyProductPricesPresence" time="20.017"/>
  <system-out/>
  <testcase classname="com.rt.clothing.test.ViewAll_Test" name="verifyProductsOnThePage" time="21.011"/>
  <system-out/>
  <testcase classname="com.rt.clothing.test.ViewAll_Test" name="verifyPageLoadTime" time="16.485"/>
  <system-out/>
</testsuite> <!-- com.rt.clothing.test.ViewAll_Test -->
