<?xml version="1.0" encoding="UTF-8"?>
<!-- Generated by org.testng.reporters.JUnitReportReporter -->
<testsuite hostname="ARISTA113-PC" failures="0" tests="10" name="com.rt.clothing.test.Jackets_Test" time="451.081" errors="0" timestamp="2024-10-02T15:18:49 IST" skipped="0">
  <testcase classname="com.rt.clothing.test.Jackets_Test" name="verifyColorSwatchesPresenceAndEnable" time="217.103"/>
  <system-out/>
  <testcase classname="com.rt.clothing.test.Jackets_Test" name="verifyPageLoadTime" time="17.699"/>
  <system-out/>
  <testcase classname="com.rt.clothing.test.Jackets_Test" name="verifyPageTitle" time="18.253"/>
  <system-out/>
  <testcase classname="com.rt.clothing.test.Jackets_Test" name="verifyfiltersPresenceAndEnable" time="14.555"/>
  <system-out/>
  <testcase classname="com.rt.clothing.test.Jackets_Test" name="verifyProductPricesPresence" time="18.001"/>
  <system-out/>
  <testcase classname="com.rt.clothing.test.Jackets_Test" name="verifyProductNamePresence" time="66.552"/>
  <system-out/>
  <testcase classname="com.rt.clothing.test.Jackets_Test" name="verifyProductsQuickAddEnable" time="40.811"/>
  <system-out/>
  <testcase classname="com.rt.clothing.test.Jackets_Test" name="verifyProductsOnThePage" time="16.186"/>
  <system-out/>
  <testcase classname="com.rt.clothing.test.Jackets_Test" name="verifyPageURL" time="15.559"/>
  <system-out/>
  <testcase classname="com.rt.clothing.test.Jackets_Test" name="verifySortByFilter" time="26.362"/>
  <system-out/>
</testsuite> <!-- com.rt.clothing.test.Jackets_Test -->
