<?xml version="1.0" encoding="UTF-8"?>
<!-- Generated by org.testng.reporters.JUnitReportReporter -->
<testsuite hostname="ARISTA113-PC" failures="0" tests="1" name="com.rt.test.HomePageTest" time="11.955" errors="0" timestamp="2024-10-03T17:44:14 IST" skipped="0">
  <testcase classname="com.rt.test.HomePageTest" name="verifyFooterLinks" time="11.955"/>
  <system-out/>
</testsuite> <!-- com.rt.test.HomePageTest -->
