<?xml version="1.0" encoding="UTF-8"?>
<!-- Generated by org.testng.reporters.JUnitReportReporter -->
<testsuite hostname="ARISTA113-PC" failures="0" tests="10" name="com.rt.collections.test.RebeccaEssentials_Test" time="410.798" errors="0" timestamp="2024-10-02T15:18:49 IST" skipped="0">
  <testcase classname="com.rt.collections.test.RebeccaEssentials_Test" name="verifyPageTitle" time="16.493"/>
  <system-out/>
  <testcase classname="com.rt.collections.test.RebeccaEssentials_Test" name="verifyColorSwatchesPresenceAndEnable" time="228.410"/>
  <system-out/>
  <testcase classname="com.rt.collections.test.RebeccaEssentials_Test" name="verifyPageLoadTime" time="16.351"/>
  <system-out/>
  <testcase classname="com.rt.collections.test.RebeccaEssentials_Test" name="verifyfiltersPresenceAndEnable" time="15.418"/>
  <system-out/>
  <testcase classname="com.rt.collections.test.RebeccaEssentials_Test" name="verifyProductNamePresence" time="16.214"/>
  <system-out/>
  <testcase classname="com.rt.collections.test.RebeccaEssentials_Test" name="verifySortByFilter" time="29.240"/>
  <system-out/>
  <testcase classname="com.rt.collections.test.RebeccaEssentials_Test" name="verifyProductsQuickAddEnable" time="39.537"/>
  <system-out/>
  <testcase classname="com.rt.collections.test.RebeccaEssentials_Test" name="verifyPageURL" time="14.512"/>
  <system-out/>
  <testcase classname="com.rt.collections.test.RebeccaEssentials_Test" name="verifyProductsOnThePage" time="18.518"/>
  <system-out/>
  <testcase classname="com.rt.collections.test.RebeccaEssentials_Test" name="verifyProductPricesPresence" time="16.105"/>
  <system-out/>
</testsuite> <!-- com.rt.collections.test.RebeccaEssentials_Test -->
